0 info it worked if it ends with ok
1 verbose cli [ '/Users/ian/.nvm/versions/node/v6.10.3/bin/node',
1 verbose cli   '/Users/ian/.nvm/versions/node/v6.10.3/bin/npm',
1 verbose cli   'publish' ]
2 info using npm@3.10.10
3 info using node@v6.10.3
4 verbose publish [ '.' ]
5 silly cache add args [ '.', null ]
6 verbose cache add spec .
7 silly cache add parsed spec Result {
7 silly cache add   raw: '.',
7 silly cache add   scope: null,
7 silly cache add   escapedName: null,
7 silly cache add   name: null,
7 silly cache add   rawSpec: '.',
7 silly cache add   spec: '/Users/ian/Projects/aws-cli',
7 silly cache add   type: 'directory' }
8 verbose addLocalDirectory /Users/ian/.npm/aws-cli/0.0.1/package.tgz not in flight; packing
9 verbose correctMkdir /Users/ian/.npm correctMkdir not in flight; initializing
10 info lifecycle aws-cli@0.0.1~prepublish: aws-cli@0.0.1
11 silly lifecycle aws-cli@0.0.1~prepublish: no script for prepublish, continuing
12 verbose tar pack [ '/Users/ian/.npm/aws-cli/0.0.1/package.tgz',
12 verbose tar pack   '/Users/ian/Projects/aws-cli' ]
13 verbose tarball /Users/ian/.npm/aws-cli/0.0.1/package.tgz
14 verbose folder /Users/ian/Projects/aws-cli
15 verbose addLocalTarball adding from inside cache /Users/ian/.npm/aws-cli/0.0.1/package.tgz
16 verbose correctMkdir /Users/ian/.npm correctMkdir not in flight; initializing
17 silly cache afterAdd aws-cli@0.0.1
18 verbose afterAdd /Users/ian/.npm/aws-cli/0.0.1/package/package.json not in flight; writing
19 verbose correctMkdir /Users/ian/.npm correctMkdir not in flight; initializing
20 verbose afterAdd /Users/ian/.npm/aws-cli/0.0.1/package/package.json written
21 silly publish { name: 'aws-cli',
21 silly publish   version: '0.0.1',
21 silly publish   preferGlobal: true,
21 silly publish   description: 'Command Line Tools for Amazon Web Services',
21 silly publish   bin: { 'aws-cli': './bin/aws.js' },
21 silly publish   scripts: { test: 'echo "Error: no test specified" && exit 1' },
21 silly publish   repository:
21 silly publish    { type: 'git',
21 silly publish      url: 'git+ssh://git@github.com/iandotkelly/aws-cli.git' },
21 silly publish   keywords: [ 'AWS' ],
21 silly publish   author: { name: 'Ian Kelly' },
21 silly publish   license: 'MIT',
21 silly publish   bugs: { url: 'https://github.com/iandotkelly/aws-cli/issues' },
21 silly publish   dependencies: { operetta: '0.0.5', 'aws-sdk': '~2.0.0-rc13' },
21 silly publish   devDependencies: { mocha: '~1.18.2', should: '~2.1.0', shelljs: '~0.2.6' },
21 silly publish   readme: '# AWS-CLI\n\n# Deprecated\n\nThis module only implemented the iam-servercertdel command.  I would recommend\nusing the official AWS CLI tools, available here:\n\nhttps://www.npmjs.com/package/aws-sdk\n\n## Command Line tools for Amazon Web Services\n\nThe purpose of these tools are to provide an alternative to the Java command line tools, and use\nthe aws-sdk node project.\n\nThese tools are at a very early stage and only one command is supported.\n\n### To Install\n\n```sh\nnpm install -g aws-cli\n```\n\nEdit the config.json file, to include your AWS keys\n\n### To Use\n\nAll commands prefixed by aws, e.g.:\n\n```sh\naws iam-servercertdel -s CERTIFICATE_NAME\n```\n\n## Commands Supported\n\n[iam-servercertdel](http://docs.aws.amazon.com/IAM/latest/CLIReference/servercertdel.html)\n\n```sh\naws iam-servercertdel -s CERTIFICATE_NAME\n```\n',
21 silly publish   readmeFilename: 'readme.md',
21 silly publish   gitHead: '627bc3ad055931c599a197bed563f39ebc26d78b',
21 silly publish   homepage: 'https://github.com/iandotkelly/aws-cli#readme',
21 silly publish   _id: 'aws-cli@0.0.1',
21 silly publish   _shasum: '906fe89616f792760fcf54a5927a0d25f5551086',
21 silly publish   _from: '.' }
22 verbose getPublishConfig undefined
23 silly mapToRegistry name aws-cli
24 silly mapToRegistry using default registry
25 silly mapToRegistry registry https://registry.npmjs.org/
26 silly mapToRegistry data Result {
26 silly mapToRegistry   raw: 'aws-cli',
26 silly mapToRegistry   scope: null,
26 silly mapToRegistry   escapedName: 'aws-cli',
26 silly mapToRegistry   name: 'aws-cli',
26 silly mapToRegistry   rawSpec: '',
26 silly mapToRegistry   spec: 'latest',
26 silly mapToRegistry   type: 'tag' }
27 silly mapToRegistry uri https://registry.npmjs.org/aws-cli
28 verbose publish registryBase https://registry.npmjs.org/
29 silly publish uploading /Users/ian/.npm/aws-cli/0.0.1/package.tgz
30 verbose request uri https://registry.npmjs.org/aws-cli
31 verbose request sending authorization for write operation
32 info attempt registry request try #1 at 11:28:54 PM
33 verbose request using bearer token for auth
34 verbose request id a6f6121a097d4883
35 http request PUT https://registry.npmjs.org/aws-cli
36 http 403 https://registry.npmjs.org/aws-cli
37 verbose headers { 'content-type': 'application/json',
37 verbose headers   'cache-control': 'max-age=300',
37 verbose headers   'content-length': '91',
37 verbose headers   'accept-ranges': 'bytes',
37 verbose headers   date: 'Tue, 23 Jan 2018 04:28:56 GMT',
37 verbose headers   via: '1.1 varnish',
37 verbose headers   connection: 'keep-alive',
37 verbose headers   'x-served-by': 'cache-mdw17347-MDW',
37 verbose headers   'x-cache': 'MISS',
37 verbose headers   'x-cache-hits': '0',
37 verbose headers   'x-timer': 'S1516681735.849054,VS0,VE1437',
37 verbose headers   vary: 'Accept-Encoding, Accept' }
38 verbose request invalidating /Users/ian/.npm/registry.npmjs.org/aws-cli on PUT
39 error publish Failed PUT 403
40 verbose stack Error: You cannot publish over the previously published version 0.0.1. : aws-cli
40 verbose stack     at makeError (/Users/ian/.nvm/versions/node/v6.10.3/lib/node_modules/npm/node_modules/npm-registry-client/lib/request.js:302:12)
40 verbose stack     at CachingRegistryClient.<anonymous> (/Users/ian/.nvm/versions/node/v6.10.3/lib/node_modules/npm/node_modules/npm-registry-client/lib/request.js:290:14)
40 verbose stack     at Request._callback (/Users/ian/.nvm/versions/node/v6.10.3/lib/node_modules/npm/node_modules/npm-registry-client/lib/request.js:210:14)
40 verbose stack     at Request.self.callback (/Users/ian/.nvm/versions/node/v6.10.3/lib/node_modules/npm/node_modules/request/request.js:187:22)
40 verbose stack     at emitTwo (events.js:106:13)
40 verbose stack     at Request.emit (events.js:191:7)
40 verbose stack     at Request.<anonymous> (/Users/ian/.nvm/versions/node/v6.10.3/lib/node_modules/npm/node_modules/request/request.js:1048:10)
40 verbose stack     at emitOne (events.js:96:13)
40 verbose stack     at Request.emit (events.js:188:7)
40 verbose stack     at IncomingMessage.<anonymous> (/Users/ian/.nvm/versions/node/v6.10.3/lib/node_modules/npm/node_modules/request/request.js:969:12)
41 verbose statusCode 403
42 verbose pkgid aws-cli
43 verbose cwd /Users/ian/Projects/aws-cli
44 error Darwin 17.3.0
45 error argv "/Users/ian/.nvm/versions/node/v6.10.3/bin/node" "/Users/ian/.nvm/versions/node/v6.10.3/bin/npm" "publish"
46 error node v6.10.3
47 error npm  v3.10.10
48 error code E403
49 error You cannot publish over the previously published version 0.0.1. : aws-cli
50 error If you need help, you may report this error at:
50 error     <https://github.com/npm/npm/issues>
51 verbose exit [ 1, true ]
